Using pre-set license
Built from '2020.3/staging' branch; Version is '2020.3.11f1 (99c7afb366b3) revision 10078127'; Using compiler version '192528614'; Build Type 'Release'
OS: 'Windows 10 Home; OS build 19043.1165; Version 2009; 64bit' Language: 'sv' Physical Memory: 8130 MB
BatchMode: 1, IsHumanControllingUs: 0, StartBugReporterOnCrash: 0, Is64bit: 1, IsPro: 0

 COMMAND LINE ARGUMENTS:
C:\Program Files\Unity\Hub\Editor\2020.3.11f1\Editor\Unity.exe
-adb2
-batchMode
-noUpm
-name
AssetImportWorker0
-projectPath
C:/Users/alber/2D game
-logFile
Logs/AssetImportWorker0.log
-srvPort
64815
Successfully changed project path to: C:/Users/alber/2D game
C:/Users/alber/2D game
Using Asset Import Pipeline V2.
Refreshing native plugins compatible for Editor in 64.75 ms, found 3 plugins.
Preloading 0 native plugins for Editor in 0.00 ms.
Initialize engine version: 2020.3.11f1 (99c7afb366b3)
[Subsystems] Discovering subsystems at path C:/Program Files/Unity/Hub/Editor/2020.3.11f1/Editor/Data/Resources/UnitySubsystems
[Subsystems] Discovering subsystems at path C:/Users/alber/2D game/Assets
GfxDevice: creating device client; threaded=0
Direct3D:
    Version:  Direct3D 11.0 [level 11.1]
    Renderer: NVIDIA GeForce GTX 960 (ID=0x1401)
    Vendor:   
    VRAM:     2007 MB
    Driver:   30.0.14.7168
Initialize mono
Mono path[0] = 'C:/Program Files/Unity/Hub/Editor/2020.3.11f1/Editor/Data/Managed'
Mono path[1] = 'C:/Program Files/Unity/Hub/Editor/2020.3.11f1/Editor/Data/MonoBleedingEdge/lib/mono/unityjit'
Mono config path = 'C:/Program Files/Unity/Hub/Editor/2020.3.11f1/Editor/Data/MonoBleedingEdge/etc'
Using monoOptions --debugger-agent=transport=dt_socket,embedding=1,server=y,suspend=n,address=127.0.0.1:56628
Begin MonoManager ReloadAssembly
Registering precompiled unity dll's ...
Register platform support module: C:/Program Files/Unity/Hub/Editor/2020.3.11f1/Editor/Data/PlaybackEngines/WindowsStandaloneSupport/UnityEditor.WindowsStandalone.Extensions.dll
Registered in 0.002396 seconds.
Native extension for WindowsStandalone target not found
Refreshing native plugins compatible for Editor in 68.05 ms, found 3 plugins.
Preloading 0 native plugins for Editor in 0.00 ms.
Mono: successfully reloaded assembly
- Completed reload, in  3.904 seconds
Platform modules already initialized, skipping
Registering precompiled user dll's ...
Registered in 0.121239 seconds.
Begin MonoManager ReloadAssembly
Native extension for WindowsStandalone target not found
Refreshing native plugins compatible for Editor in 54.65 ms, found 3 plugins.
Preloading 0 native plugins for Editor in 0.00 ms.
Mono: successfully reloaded assembly
- Completed reload, in  1.651 seconds
Platform modules already initialized, skipping
========================================================================
Worker process is ready to serve import requests
Launched and connected shader compiler UnityShaderCompiler.exe after 0.14 seconds
Refreshing native plugins compatible for Editor in 0.53 ms, found 3 plugins.
Preloading 0 native plugins for Editor in 0.00 ms.
Unloading 2083 Unused Serialized files (Serialized files now loaded: 0)
System memory in use before: 92.9 MB.
System memory in use after: 92.9 MB.

Unloading 33 unused Assets to reduce memory usage. Loaded Objects now: 2516.
Total: 3.449800 ms (FindLiveObjects: 0.212200 ms CreateObjectMapping: 0.093300 ms MarkObjects: 2.880000 ms  DeleteObjects: 0.262500 ms)

========================================================================
Received Import Request.
  path: Assets/Prefabs/Ground.prefab
  artifactKey: Guid(ec9498bc92a71af408205ff1534819ba) Importer(815301076,1909f56bfc062723c751e8b465ee728b)
Start importing Assets/Prefabs/Ground.prefab using Guid(ec9498bc92a71af408205ff1534819ba) Importer(815301076,1909f56bfc062723c751e8b465ee728b)  -> (artifact id: '9de9913900a753c2737a81f204f3044f') in 0.177465 seconds
  Import took 0.184350 seconds .

========================================================================
Received Import Request.
  Time since last request: 0.000638 seconds.
  path: Assets/Prefabs/Wall.prefab
  artifactKey: Guid(87d0b71e79b8c824c85cfaa324a882c7) Importer(815301076,1909f56bfc062723c751e8b465ee728b)
Start importing Assets/Prefabs/Wall.prefab using Guid(87d0b71e79b8c824c85cfaa324a882c7) Importer(815301076,1909f56bfc062723c751e8b465ee728b)  -> (artifact id: '2434336db44bb60282211183270b2fca') in 0.027981 seconds
  Import took 0.033497 seconds .

========================================================================
Received Import Request.
  Time since last request: 1.144921 seconds.
  path: Assets/Prefabs/Player.prefab
  artifactKey: Guid(fddf597e913b2d6469e6257b1a69b6d5) Importer(815301076,1909f56bfc062723c751e8b465ee728b)
Start importing Assets/Prefabs/Player.prefab using Guid(fddf597e913b2d6469e6257b1a69b6d5) Importer(815301076,1909f56bfc062723c751e8b465ee728b)  -> (artifact id: '07da4e06698288a7040dd8634eafd6c3') in 0.027496 seconds
  Import took 0.033495 seconds .

========================================================================
Received Import Request.
  Time since last request: 0.022425 seconds.
  path: Assets/Prefabs/Player.prefab
  artifactKey: Guid(fddf597e913b2d6469e6257b1a69b6d5) Importer(815301076,1909f56bfc062723c751e8b465ee728b)
Start importing Assets/Prefabs/Player.prefab using Guid(fddf597e913b2d6469e6257b1a69b6d5) Importer(815301076,1909f56bfc062723c751e8b465ee728b)  -> (artifact id: '07da4e06698288a7040dd8634eafd6c3') in 0.017585 seconds
  Import took 0.023313 seconds .

========================================================================
Received Prepare
Registering precompiled user dll's ...
Registered in 0.008570 seconds.
Begin MonoManager ReloadAssembly
Native extension for WindowsStandalone target not found
Refreshing native plugins compatible for Editor in 0.61 ms, found 3 plugins.
Preloading 0 native plugins for Editor in 0.00 ms.
Mono: successfully reloaded assembly
- Completed reload, in  1.502 seconds
Platform modules already initialized, skipping
Refreshing native plugins compatible for Editor in 0.65 ms, found 3 plugins.
Preloading 0 native plugins for Editor in 0.00 ms.
Unloading 2078 Unused Serialized files (Serialized files now loaded: 0)
System memory in use before: 95.9 MB.
System memory in use after: 95.8 MB.

Unloading 21 unused Assets to reduce memory usage. Loaded Objects now: 2527.
Total: 3.287200 ms (FindLiveObjects: 0.408000 ms CreateObjectMapping: 0.112000 ms MarkObjects: 2.615900 ms  DeleteObjects: 0.149800 ms)

========================================================================
Received Prepare
Registering precompiled user dll's ...
Registered in 0.005252 seconds.
Begin MonoManager ReloadAssembly
Native extension for WindowsStandalone target not found
Refreshing native plugins compatible for Editor in 0.47 ms, found 3 plugins.
Preloading 0 native plugins for Editor in 0.00 ms.
Mono: successfully reloaded assembly
- Completed reload, in  1.360 seconds
Platform modules already initialized, skipping
Refreshing native plugins compatible for Editor in 0.49 ms, found 3 plugins.
Preloading 0 native plugins for Editor in 0.00 ms.
Unloading 2078 Unused Serialized files (Serialized files now loaded: 0)
System memory in use before: 95.9 MB.
System memory in use after: 95.9 MB.

Unloading 21 unused Assets to reduce memory usage. Loaded Objects now: 2531.
Total: 3.014200 ms (FindLiveObjects: 0.188300 ms CreateObjectMapping: 0.076100 ms MarkObjects: 2.581300 ms  DeleteObjects: 0.167300 ms)

========================================================================
Received Prepare
Registering precompiled user dll's ...
Registered in 0.005719 seconds.
Begin MonoManager ReloadAssembly
Native extension for WindowsStandalone target not found
Refreshing native plugins compatible for Editor in 0.46 ms, found 3 plugins.
Preloading 0 native plugins for Editor in 0.00 ms.
Mono: successfully reloaded assembly
- Completed reload, in  1.193 seconds
Platform modules already initialized, skipping
Refreshing native plugins compatible for Editor in 0.53 ms, found 3 plugins.
Preloading 0 native plugins for Editor in 0.00 ms.
Unloading 2078 Unused Serialized files (Serialized files now loaded: 0)
System memory in use before: 95.9 MB.
System memory in use after: 95.9 MB.

Unloading 21 unused Assets to reduce memory usage. Loaded Objects now: 2535.
Total: 2.608200 ms (FindLiveObjects: 0.183600 ms CreateObjectMapping: 0.070100 ms MarkObjects: 2.190100 ms  DeleteObjects: 0.163300 ms)

========================================================================
Received Prepare
Registering precompiled user dll's ...
Registered in 0.005810 seconds.
Begin MonoManager ReloadAssembly
Native extension for WindowsStandalone target not found
Refreshing native plugins compatible for Editor in 0.63 ms, found 3 plugins.
Preloading 0 native plugins for Editor in 0.00 ms.
Mono: successfully reloaded assembly
- Completed reload, in  1.268 seconds
Platform modules already initialized, skipping
Refreshing native plugins compatible for Editor in 0.47 ms, found 3 plugins.
Preloading 0 native plugins for Editor in 0.00 ms.
Unloading 2078 Unused Serialized files (Serialized files now loaded: 0)
System memory in use before: 95.9 MB.
System memory in use after: 95.9 MB.

Unloading 21 unused Assets to reduce memory usage. Loaded Objects now: 2539.
Total: 2.689600 ms (FindLiveObjects: 0.177000 ms CreateObjectMapping: 0.070800 ms MarkObjects: 2.276600 ms  DeleteObjects: 0.164300 ms)

========================================================================
Received Prepare
Registering precompiled user dll's ...
Registered in 0.004993 seconds.
Begin MonoManager ReloadAssembly
Native extension for WindowsStandalone target not found
Refreshing native plugins compatible for Editor in 0.55 ms, found 3 plugins.
Preloading 0 native plugins for Editor in 0.00 ms.
Mono: successfully reloaded assembly
- Completed reload, in  1.271 seconds
Platform modules already initialized, skipping
Refreshing native plugins compatible for Editor in 1.01 ms, found 3 plugins.
Preloading 0 native plugins for Editor in 0.00 ms.
Unloading 2078 Unused Serialized files (Serialized files now loaded: 0)
System memory in use before: 96.0 MB.
System memory in use after: 95.9 MB.

Unloading 21 unused Assets to reduce memory usage. Loaded Objects now: 2543.
Total: 2.889400 ms (FindLiveObjects: 0.241000 ms CreateObjectMapping: 0.131800 ms MarkObjects: 2.347700 ms  DeleteObjects: 0.167300 ms)

========================================================================
Received Prepare
Registering precompiled user dll's ...
Registered in 0.005071 seconds.
Begin MonoManager ReloadAssembly
Native extension for WindowsStandalone target not found
Refreshing native plugins compatible for Editor in 0.48 ms, found 3 plugins.
Preloading 0 native plugins for Editor in 0.00 ms.
Mono: successfully reloaded assembly
- Completed reload, in  1.344 seconds
Platform modules already initialized, skipping
Refreshing native plugins compatible for Editor in 0.52 ms, found 3 plugins.
Preloading 0 native plugins for Editor in 0.00 ms.
Unloading 2078 Unused Serialized files (Serialized files now loaded: 0)
System memory in use before: 96.0 MB.
System memory in use after: 96.0 MB.

Unloading 21 unused Assets to reduce memory usage. Loaded Objects now: 2547.
Total: 2.611100 ms (FindLiveObjects: 0.221500 ms CreateObjectMapping: 0.101600 ms MarkObjects: 2.149300 ms  DeleteObjects: 0.137100 ms)

========================================================================
Received Prepare
Registering precompiled user dll's ...
Registered in 0.005202 seconds.
Begin MonoManager ReloadAssembly
Native extension for WindowsStandalone target not found
Refreshing native plugins compatible for Editor in 0.74 ms, found 3 plugins.
Preloading 0 native plugins for Editor in 0.00 ms.
Mono: successfully reloaded assembly
- Completed reload, in  1.383 seconds
Platform modules already initialized, skipping
Refreshing native plugins compatible for Editor in 0.51 ms, found 3 plugins.
Preloading 0 native plugins for Editor in 0.00 ms.
Unloading 2078 Unused Serialized files (Serialized files now loaded: 0)
System memory in use before: 96.0 MB.
System memory in use after: 96.0 MB.

Unloading 21 unused Assets to reduce memory usage. Loaded Objects now: 2551.
Total: 6.300700 ms (FindLiveObjects: 0.289100 ms CreateObjectMapping: 0.107500 ms MarkObjects: 5.710000 ms  DeleteObjects: 0.192900 ms)

========================================================================
Received Prepare
Registering precompiled user dll's ...
Registered in 0.006280 seconds.
Begin MonoManager ReloadAssembly
Native extension for WindowsStandalone target not found
Refreshing native plugins compatible for Editor in 0.54 ms, found 3 plugins.
Preloading 0 native plugins for Editor in 0.00 ms.
Mono: successfully reloaded assembly
- Completed reload, in  1.397 seconds
Platform modules already initialized, skipping
Refreshing native plugins compatible for Editor in 0.47 ms, found 3 plugins.
Preloading 0 native plugins for Editor in 0.00 ms.
Unloading 2078 Unused Serialized files (Serialized files now loaded: 0)
System memory in use before: 96.0 MB.
System memory in use after: 96.0 MB.

Unloading 21 unused Assets to reduce memory usage. Loaded Objects now: 2555.
Total: 3.352200 ms (FindLiveObjects: 0.188700 ms CreateObjectMapping: 0.074800 ms MarkObjects: 2.916200 ms  DeleteObjects: 0.171200 ms)

========================================================================
Received Prepare
Registering precompiled user dll's ...
Registered in 0.005703 seconds.
Begin MonoManager ReloadAssembly
Native extension for WindowsStandalone target not found
Refreshing native plugins compatible for Editor in 1.33 ms, found 3 plugins.
Preloading 0 native plugins for Editor in 0.00 ms.
Mono: successfully reloaded assembly
- Completed reload, in  1.467 seconds
Platform modules already initialized, skipping
Refreshing native plugins compatible for Editor in 0.49 ms, found 3 plugins.
Preloading 0 native plugins for Editor in 0.00 ms.
Unloading 2078 Unused Serialized files (Serialized files now loaded: 0)
System memory in use before: 96.0 MB.
System memory in use after: 96.0 MB.

Unloading 21 unused Assets to reduce memory usage. Loaded Objects now: 2559.
Total: 2.917900 ms (FindLiveObjects: 0.210600 ms CreateObjectMapping: 0.098300 ms MarkObjects: 2.475800 ms  DeleteObjects: 0.132000 ms)

========================================================================
Received Prepare
Registering precompiled user dll's ...
Registered in 0.005624 seconds.
Begin MonoManager ReloadAssembly
Native extension for WindowsStandalone target not found
Refreshing native plugins compatible for Editor in 0.49 ms, found 3 plugins.
Preloading 0 native plugins for Editor in 0.00 ms.
Mono: successfully reloaded assembly
- Completed reload, in  1.375 seconds
Platform modules already initialized, skipping
Refreshing native plugins compatible for Editor in 0.47 ms, found 3 plugins.
Preloading 0 native plugins for Editor in 0.00 ms.
Unloading 2078 Unused Serialized files (Serialized files now loaded: 0)
System memory in use before: 96.0 MB.
System memory in use after: 96.0 MB.

Unloading 21 unused Assets to reduce memory usage. Loaded Objects now: 2563.
Total: 3.433900 ms (FindLiveObjects: 0.197400 ms CreateObjectMapping: 0.080100 ms MarkObjects: 2.987900 ms  DeleteObjects: 0.167300 ms)

========================================================================
Received Prepare
Registering precompiled user dll's ...
Registered in 0.005457 seconds.
Begin MonoManager ReloadAssembly
Native extension for WindowsStandalone target not found
Refreshing native plugins compatible for Editor in 0.60 ms, found 3 plugins.
Preloading 0 native plugins for Editor in 0.00 ms.
Mono: successfully reloaded assembly
- Completed reload, in  1.309 seconds
Platform modules already initialized, skipping
Refreshing native plugins compatible for Editor in 0.51 ms, found 3 plugins.
Preloading 0 native plugins for Editor in 0.00 ms.
Unloading 2078 Unused Serialized files (Serialized files now loaded: 0)
System memory in use before: 96.0 MB.
System memory in use after: 96.0 MB.

Unloading 21 unused Assets to reduce memory usage. Loaded Objects now: 2567.
Total: 2.906800 ms (FindLiveObjects: 0.226600 ms CreateObjectMapping: 0.085400 ms MarkObjects: 2.450800 ms  DeleteObjects: 0.142800 ms)

========================================================================
Received Prepare
Registering precompiled user dll's ...
Registered in 0.005077 seconds.
Begin MonoManager ReloadAssembly
Native extension for WindowsStandalone target not found
Refreshing native plugins compatible for Editor in 0.69 ms, found 3 plugins.
Preloading 0 native plugins for Editor in 0.00 ms.
Mono: successfully reloaded assembly
- Completed reload, in  1.374 seconds
Platform modules already initialized, skipping
Refreshing native plugins compatible for Editor in 0.50 ms, found 3 plugins.
Preloading 0 native plugins for Editor in 0.00 ms.
Unloading 2078 Unused Serialized files (Serialized files now loaded: 0)
System memory in use before: 96.0 MB.
System memory in use after: 96.0 MB.

Unloading 21 unused Assets to reduce memory usage. Loaded Objects now: 2571.
Total: 2.699900 ms (FindLiveObjects: 0.201200 ms CreateObjectMapping: 0.088800 ms MarkObjects: 2.226700 ms  DeleteObjects: 0.182400 ms)

========================================================================
Received Import Request.
  Time since last request: 886.950363 seconds.
  path: Assets/Prefabs/Wall.prefab
  artifactKey: Guid(87d0b71e79b8c824c85cfaa324a882c7) Importer(815301076,1909f56bfc062723c751e8b465ee728b)
Start importing Assets/Prefabs/Wall.prefab using Guid(87d0b71e79b8c824c85cfaa324a882c7) Importer(815301076,1909f56bfc062723c751e8b465ee728b)  -> (artifact id: 'c5b88d1797a405159b44935ffe9148fb') in 0.071106 seconds
  Import took 0.075791 seconds .

========================================================================
Received Prepare
Registering precompiled user dll's ...
Registered in 0.008895 seconds.
Begin MonoManager ReloadAssembly
Native extension for WindowsStandalone target not found
Refreshing native plugins compatible for Editor in 0.46 ms, found 3 plugins.
Preloading 0 native plugins for Editor in 0.00 ms.
Mono: successfully reloaded assembly
- Completed reload, in  1.235 seconds
Platform modules already initialized, skipping
Refreshing native plugins compatible for Editor in 0.46 ms, found 3 plugins.
Preloading 0 native plugins for Editor in 0.00 ms.
Unloading 2078 Unused Serialized files (Serialized files now loaded: 0)
System memory in use before: 96.0 MB.
System memory in use after: 96.0 MB.

Unloading 21 unused Assets to reduce memory usage. Loaded Objects now: 2576.
Total: 3.839400 ms (FindLiveObjects: 0.291300 ms CreateObjectMapping: 0.073300 ms MarkObjects: 3.287500 ms  DeleteObjects: 0.173300 ms)

========================================================================
Received Prepare
Registering precompiled user dll's ...
Registered in 0.006892 seconds.
Begin MonoManager ReloadAssembly
Native extension for WindowsStandalone target not found
Refreshing native plugins compatible for Editor in 0.47 ms, found 3 plugins.
Preloading 0 native plugins for Editor in 0.00 ms.
Mono: successfully reloaded assembly
- Completed reload, in  1.287 seconds
Platform modules already initialized, skipping
Refreshing native plugins compatible for Editor in 0.54 ms, found 3 plugins.
Preloading 0 native plugins for Editor in 0.00 ms.
Unloading 2078 Unused Serialized files (Serialized files now loaded: 0)
System memory in use before: 96.1 MB.
System memory in use after: 96.0 MB.

Unloading 21 unused Assets to reduce memory usage. Loaded Objects now: 2580.
Total: 3.738700 ms (FindLiveObjects: 0.246500 ms CreateObjectMapping: 0.086600 ms MarkObjects: 3.234800 ms  DeleteObjects: 0.169500 ms)

========================================================================
Received Prepare
Registering precompiled user dll's ...
Registered in 0.005349 seconds.
Begin MonoManager ReloadAssembly
Native extension for WindowsStandalone target not found
Refreshing native plugins compatible for Editor in 0.46 ms, found 3 plugins.
Preloading 0 native plugins for Editor in 0.00 ms.
Mono: successfully reloaded assembly
- Completed reload, in  1.242 seconds
Platform modules already initialized, skipping
Refreshing native plugins compatible for Editor in 0.48 ms, found 3 plugins.
Preloading 0 native plugins for Editor in 0.00 ms.
Unloading 2078 Unused Serialized files (Serialized files now loaded: 0)
System memory in use before: 96.1 MB.
System memory in use after: 96.0 MB.

Unloading 21 unused Assets to reduce memory usage. Loaded Objects now: 2584.
Total: 2.582900 ms (FindLiveObjects: 0.188700 ms CreateObjectMapping: 0.076900 ms MarkObjects: 2.149300 ms  DeleteObjects: 0.167000 ms)

========================================================================
Received Prepare
Registering precompiled user dll's ...
Registered in 0.004926 seconds.
Begin MonoManager ReloadAssembly
Native extension for WindowsStandalone target not found
Refreshing native plugins compatible for Editor in 0.61 ms, found 3 plugins.
Preloading 0 native plugins for Editor in 0.00 ms.
Mono: successfully reloaded assembly
- Completed reload, in  1.253 seconds
Platform modules already initialized, skipping
Refreshing native plugins compatible for Editor in 0.47 ms, found 3 plugins.
Preloading 0 native plugins for Editor in 0.00 ms.
Unloading 2078 Unused Serialized files (Serialized files now loaded: 0)
System memory in use before: 96.1 MB.
System memory in use after: 96.0 MB.

Unloading 21 unused Assets to reduce memory usage. Loaded Objects now: 2588.
Total: 2.603200 ms (FindLiveObjects: 0.195000 ms CreateObjectMapping: 0.078900 ms MarkObjects: 2.187800 ms  DeleteObjects: 0.140600 ms)

========================================================================
Received Prepare
Registering precompiled user dll's ...
Registered in 0.006226 seconds.
Begin MonoManager ReloadAssembly
Native extension for WindowsStandalone target not found
Refreshing native plugins compatible for Editor in 0.50 ms, found 3 plugins.
Preloading 0 native plugins for Editor in 0.00 ms.
Mono: successfully reloaded assembly
- Completed reload, in  1.275 seconds
Platform modules already initialized, skipping
Refreshing native plugins compatible for Editor in 0.47 ms, found 3 plugins.
Preloading 0 native plugins for Editor in 0.00 ms.
Unloading 2078 Unused Serialized files (Serialized files now loaded: 0)
System memory in use before: 96.1 MB.
System memory in use after: 96.1 MB.

Unloading 21 unused Assets to reduce memory usage. Loaded Objects now: 2592.
Total: 2.523100 ms (FindLiveObjects: 0.211500 ms CreateObjectMapping: 0.085000 ms MarkObjects: 2.059400 ms  DeleteObjects: 0.166200 ms)

========================================================================
Received Prepare
Registering precompiled user dll's ...
Registered in 0.006797 seconds.
Begin MonoManager ReloadAssembly
Native extension for WindowsStandalone target not found
Refreshing native plugins compatible for Editor in 0.50 ms, found 3 plugins.
Preloading 0 native plugins for Editor in 0.00 ms.
Mono: successfully reloaded assembly
- Completed reload, in  1.354 seconds
Platform modules already initialized, skipping
Refreshing native plugins compatible for Editor in 0.46 ms, found 3 plugins.
Preloading 0 native plugins for Editor in 0.00 ms.
Unloading 2078 Unused Serialized files (Serialized files now loaded: 0)
System memory in use before: 96.1 MB.
System memory in use after: 96.1 MB.

Unloading 21 unused Assets to reduce memory usage. Loaded Objects now: 2596.
Total: 2.897200 ms (FindLiveObjects: 0.185300 ms CreateObjectMapping: 0.073600 ms MarkObjects: 2.469900 ms  DeleteObjects: 0.167300 ms)

========================================================================
Received Import Request.
  Time since last request: 345.559999 seconds.
  path: Assets/Prefabs/Wall.prefab
  artifactKey: Guid(87d0b71e79b8c824c85cfaa324a882c7) Importer(815301076,1909f56bfc062723c751e8b465ee728b)
Start importing Assets/Prefabs/Wall.prefab using Guid(87d0b71e79b8c824c85cfaa324a882c7) Importer(815301076,1909f56bfc062723c751e8b465ee728b)  -> (artifact id: '6e55acf45fc4dcb3c1366f59d79f75ae') in 0.068892 seconds
  Import took 0.074764 seconds .

========================================================================
Received Prepare
Registering precompiled user dll's ...
Registered in 0.005071 seconds.
Begin MonoManager ReloadAssembly
Native extension for WindowsStandalone target not found
Refreshing native plugins compatible for Editor in 0.88 ms, found 3 plugins.
Preloading 0 native plugins for Editor in 0.00 ms.
Mono: successfully reloaded assembly
- Completed reload, in  1.245 seconds
Platform modules already initialized, skipping
Refreshing native plugins compatible for Editor in 0.50 ms, found 3 plugins.
Preloading 0 native plugins for Editor in 0.00 ms.
Unloading 2078 Unused Serialized files (Serialized files now loaded: 0)
System memory in use before: 96.1 MB.
System memory in use after: 96.1 MB.

Unloading 21 unused Assets to reduce memory usage. Loaded Objects now: 2601.
Total: 3.584000 ms (FindLiveObjects: 0.282600 ms CreateObjectMapping: 0.141100 ms MarkObjects: 2.988000 ms  DeleteObjects: 0.167800 ms)

========================================================================
Received Import Request.
  Time since last request: 29.007330 seconds.
  path: Assets/Code/TouchingWall.cs
  artifactKey: Guid(0aa41232b018d53458e067548387b0cf) Importer(815301076,1909f56bfc062723c751e8b465ee728b)
Start importing Assets/Code/TouchingWall.cs using Guid(0aa41232b018d53458e067548387b0cf) Importer(815301076,1909f56bfc062723c751e8b465ee728b)  -> (artifact id: 'c294ad73ce6e17197c0c8edf904b1d80') in 0.043015 seconds
  Import took 0.048604 seconds .

========================================================================
Received Import Request.
  Time since last request: 0.253138 seconds.
  path: Assets/Code/TouchingWall.cs
  artifactKey: Guid(0aa41232b018d53458e067548387b0cf) Importer(815301076,1909f56bfc062723c751e8b465ee728b)
Start importing Assets/Code/TouchingWall.cs using Guid(0aa41232b018d53458e067548387b0cf) Importer(815301076,1909f56bfc062723c751e8b465ee728b)  -> (artifact id: 'c294ad73ce6e17197c0c8edf904b1d80') in 0.004955 seconds
  Import took 0.009933 seconds .

========================================================================
Received Import Request.
  Time since last request: 6.772054 seconds.
  path: Assets/Scripts
  artifactKey: Guid(2d6f7844cb9067d43a47fd1024d11e0b) Importer(815301076,1909f56bfc062723c751e8b465ee728b)
Start importing Assets/Scripts using Guid(2d6f7844cb9067d43a47fd1024d11e0b) Importer(815301076,1909f56bfc062723c751e8b465ee728b)  -> (artifact id: '1ffec4c7307427d9d6ec005bb0c02fda') in 0.024084 seconds
  Import took 0.031076 seconds .

========================================================================
Received Prepare
Registering precompiled user dll's ...
Registered in 0.006807 seconds.
Begin MonoManager ReloadAssembly
Native extension for WindowsStandalone target not found
Refreshing native plugins compatible for Editor in 0.46 ms, found 3 plugins.
Preloading 0 native plugins for Editor in 0.00 ms.
Mono: successfully reloaded assembly
- Completed reload, in  1.313 seconds
Platform modules already initialized, skipping
Refreshing native plugins compatible for Editor in 0.54 ms, found 3 plugins.
Preloading 0 native plugins for Editor in 0.00 ms.
Unloading 2078 Unused Serialized files (Serialized files now loaded: 0)
System memory in use before: 96.1 MB.
System memory in use after: 96.1 MB.

Unloading 21 unused Assets to reduce memory usage. Loaded Objects now: 2605.
Total: 3.205600 ms (FindLiveObjects: 0.198500 ms CreateObjectMapping: 0.380400 ms MarkObjects: 2.409300 ms  DeleteObjects: 0.216200 ms)

========================================================================
Received Import Request.
  Time since last request: 69.415180 seconds.
  path: Assets/Scripts/PlayerMovement.cs
  artifactKey: Guid(c13ecaefd738ec54b8cab5f01eb234d2) Importer(815301076,1909f56bfc062723c751e8b465ee728b)
Start importing Assets/Scripts/PlayerMovement.cs using Guid(c13ecaefd738ec54b8cab5f01eb234d2) Importer(815301076,1909f56bfc062723c751e8b465ee728b)  -> (artifact id: '81f9c43aab7d941e9931a2308cd6de14') in 0.018620 seconds
  Import took 0.025219 seconds .

========================================================================
Received Prepare
Registering precompiled user dll's ...
Registered in 0.006315 seconds.
Begin MonoManager ReloadAssembly
Native extension for WindowsStandalone target not found
Refreshing native plugins compatible for Editor in 0.46 ms, found 3 plugins.
Preloading 0 native plugins for Editor in 0.00 ms.
Mono: successfully reloaded assembly
- Completed reload, in  1.245 seconds
Platform modules already initialized, skipping
Refreshing native plugins compatible for Editor in 0.53 ms, found 3 plugins.
Preloading 0 native plugins for Editor in 0.00 ms.
Unloading 2078 Unused Serialized files (Serialized files now loaded: 0)
System memory in use before: 96.1 MB.
System memory in use after: 96.1 MB.

Unloading 21 unused Assets to reduce memory usage. Loaded Objects now: 2609.
Total: 2.581800 ms (FindLiveObjects: 0.199400 ms CreateObjectMapping: 0.079700 ms MarkObjects: 2.182200 ms  DeleteObjects: 0.119300 ms)

========================================================================
Received Import Request.
  Time since last request: 76.013822 seconds.
  path: Assets/Scripts/PlayerMovement.cs
  artifactKey: Guid(c13ecaefd738ec54b8cab5f01eb234d2) Importer(815301076,1909f56bfc062723c751e8b465ee728b)
Start importing Assets/Scripts/PlayerMovement.cs using Guid(c13ecaefd738ec54b8cab5f01eb234d2) Importer(815301076,1909f56bfc062723c751e8b465ee728b)  -> (artifact id: '877eb61a94a9f7fa501def2032d61748') in 0.006579 seconds
  Import took 0.010817 seconds .

========================================================================
Received Prepare
Registering precompiled user dll's ...
Registered in 0.005298 seconds.
Begin MonoManager ReloadAssembly
Native extension for WindowsStandalone target not found
Refreshing native plugins compatible for Editor in 0.64 ms, found 3 plugins.
Preloading 0 native plugins for Editor in 0.00 ms.
Mono: successfully reloaded assembly
- Completed reload, in  1.344 seconds
Platform modules already initialized, skipping
Refreshing native plugins compatible for Editor in 0.56 ms, found 3 plugins.
Preloading 0 native plugins for Editor in 0.00 ms.
Unloading 2078 Unused Serialized files (Serialized files now loaded: 0)
System memory in use before: 96.1 MB.
System memory in use after: 96.1 MB.

Unloading 21 unused Assets to reduce memory usage. Loaded Objects now: 2613.
Total: 3.218900 ms (FindLiveObjects: 0.261000 ms CreateObjectMapping: 0.084400 ms MarkObjects: 2.534300 ms  DeleteObjects: 0.337800 ms)

========================================================================
Received Prepare
Registering precompiled user dll's ...
Registered in 0.004896 seconds.
Begin MonoManager ReloadAssembly
Native extension for WindowsStandalone target not found
Refreshing native plugins compatible for Editor in 0.47 ms, found 3 plugins.
Preloading 0 native plugins for Editor in 0.00 ms.
Mono: successfully reloaded assembly
- Completed reload, in  1.196 seconds
Platform modules already initialized, skipping
Refreshing native plugins compatible for Editor in 0.45 ms, found 3 plugins.
Preloading 0 native plugins for Editor in 0.00 ms.
Unloading 2078 Unused Serialized files (Serialized files now loaded: 0)
System memory in use before: 96.2 MB.
System memory in use after: 96.1 MB.

Unloading 21 unused Assets to reduce memory usage. Loaded Objects now: 2617.
Total: 2.766900 ms (FindLiveObjects: 0.300300 ms CreateObjectMapping: 0.101300 ms MarkObjects: 2.195200 ms  DeleteObjects: 0.169000 ms)

========================================================================
Received Prepare
Registering precompiled user dll's ...
Registered in 0.006511 seconds.
Begin MonoManager ReloadAssembly
Native extension for WindowsStandalone target not found
Refreshing native plugins compatible for Editor in 0.50 ms, found 3 plugins.
Preloading 0 native plugins for Editor in 0.00 ms.
Mono: successfully reloaded assembly
- Completed reload, in  1.332 seconds
Platform modules already initialized, skipping
Refreshing native plugins compatible for Editor in 0.49 ms, found 3 plugins.
Preloading 0 native plugins for Editor in 0.00 ms.
Unloading 2078 Unused Serialized files (Serialized files now loaded: 0)
System memory in use before: 96.2 MB.
System memory in use after: 96.1 MB.

Unloading 21 unused Assets to reduce memory usage. Loaded Objects now: 2621.
Total: 3.713500 ms (FindLiveObjects: 0.205700 ms CreateObjectMapping: 0.078900 ms MarkObjects: 3.194500 ms  DeleteObjects: 0.233300 ms)

========================================================================
Received Import Request.
  Time since last request: 3837.809148 seconds.
  path: Assets/NoWallclimb.physicsMaterial2D
  artifactKey: Guid(9b1ca04ec5fa20147b5661a3fd6d9a0a) Importer(815301076,1909f56bfc062723c751e8b465ee728b)
Start importing Assets/NoWallclimb.physicsMaterial2D using Guid(9b1ca04ec5fa20147b5661a3fd6d9a0a) Importer(815301076,1909f56bfc062723c751e8b465ee728b)  -> (artifact id: 'b954b34a7149e8403b87c129b223cf9b') in 0.022334 seconds
  Import took 0.028082 seconds .

========================================================================
Received Prepare
Registering precompiled user dll's ...
Registered in 0.006998 seconds.
Begin MonoManager ReloadAssembly
Native extension for WindowsStandalone target not found
Refreshing native plugins compatible for Editor in 0.46 ms, found 3 plugins.
Preloading 0 native plugins for Editor in 0.00 ms.
Mono: successfully reloaded assembly
- Completed reload, in  1.310 seconds
Platform modules already initialized, skipping
Refreshing native plugins compatible for Editor in 0.47 ms, found 3 plugins.
Preloading 0 native plugins for Editor in 0.00 ms.
Unloading 2078 Unused Serialized files (Serialized files now loaded: 0)
System memory in use before: 96.2 MB.
System memory in use after: 96.2 MB.

Unloading 21 unused Assets to reduce memory usage. Loaded Objects now: 2625.
Total: 2.655400 ms (FindLiveObjects: 0.210500 ms CreateObjectMapping: 0.108400 ms MarkObjects: 2.164000 ms  DeleteObjects: 0.171400 ms)

========================================================================
Received Import Request.
  Time since last request: 125.398633 seconds.
  path: Assets/Scenes/SampleScene.unity
  artifactKey: Guid(2cda990e2423bbf4892e6590ba056729) Importer(815301076,1909f56bfc062723c751e8b465ee728b)
Start importing Assets/Scenes/SampleScene.unity using Guid(2cda990e2423bbf4892e6590ba056729) Importer(815301076,1909f56bfc062723c751e8b465ee728b)  -> (artifact id: '4fa5c694c9e037ccd849374f805ee2dd') in 0.021413 seconds
  Import took 0.026540 seconds .

========================================================================
Received Import Request.
  Time since last request: 13.226974 seconds.
  path: Assets/Scenes/Worldmap.unity
  artifactKey: Guid(22ad51bec2b703d4886c700618c982f8) Importer(815301076,1909f56bfc062723c751e8b465ee728b)
Start importing Assets/Scenes/Worldmap.unity using Guid(22ad51bec2b703d4886c700618c982f8) Importer(815301076,1909f56bfc062723c751e8b465ee728b)  -> (artifact id: '88cb1d2ee561767510bc5ff1886aa138') in 0.012754 seconds
  Import took 0.017322 seconds .

========================================================================
Received Import Request.
  Time since last request: 0.004008 seconds.
  path: Assets/Scenes/Worldmap.unity
  artifactKey: Guid(22ad51bec2b703d4886c700618c982f8) Importer(815301076,1909f56bfc062723c751e8b465ee728b)
Start importing Assets/Scenes/Worldmap.unity using Guid(22ad51bec2b703d4886c700618c982f8) Importer(815301076,1909f56bfc062723c751e8b465ee728b)  -> (artifact id: '88cb1d2ee561767510bc5ff1886aa138') in 0.005420 seconds
  Import took 0.011051 seconds .

========================================================================
Received Import Request.
  Time since last request: 8.089712 seconds.
  path: Assets/NoWallclimb.physicsMaterial2D
  artifactKey: Guid(9b1ca04ec5fa20147b5661a3fd6d9a0a) Importer(815301076,1909f56bfc062723c751e8b465ee728b)
Start importing Assets/NoWallclimb.physicsMaterial2D using Guid(9b1ca04ec5fa20147b5661a3fd6d9a0a) Importer(815301076,1909f56bfc062723c751e8b465ee728b)  -> (artifact id: '0ec36592a31d543a9e92471ec7a924a0') in 0.008665 seconds
  Import took 0.013497 seconds .

========================================================================
Received Import Request.
  Time since last request: 3.884650 seconds.
  path: Assets/Prefabs
  artifactKey: Guid(e308340b38d0b0445a19d62195c49d19) Importer(815301076,1909f56bfc062723c751e8b465ee728b)
Start importing Assets/Prefabs using Guid(e308340b38d0b0445a19d62195c49d19) Importer(815301076,1909f56bfc062723c751e8b465ee728b)  -> (artifact id: '23be0c762cd8070e2c04c04580ffe7b3') in 0.013437 seconds
  Import took 0.018437 seconds .

========================================================================
Received Import Request.
  Time since last request: 0.033775 seconds.
  path: Assets/Prefabs/Player.prefab
  artifactKey: Guid(fddf597e913b2d6469e6257b1a69b6d5) Importer(815301076,1909f56bfc062723c751e8b465ee728b)
Start importing Assets/Prefabs/Player.prefab using Guid(fddf597e913b2d6469e6257b1a69b6d5) Importer(815301076,1909f56bfc062723c751e8b465ee728b)  -> (artifact id: 'dca588384077e7c764adf898ab286237') in 0.070325 seconds
  Import took 0.075031 seconds .

========================================================================
Received Import Request.
  Time since last request: 0.000333 seconds.
  path: Assets/Prefabs/Wall.prefab
  artifactKey: Guid(87d0b71e79b8c824c85cfaa324a882c7) Importer(815301076,1909f56bfc062723c751e8b465ee728b)
Start importing Assets/Prefabs/Wall.prefab using Guid(87d0b71e79b8c824c85cfaa324a882c7) Importer(815301076,1909f56bfc062723c751e8b465ee728b)  -> (artifact id: '7b841f9cbcc35c1dfa785ce2a8826216') in 0.025291 seconds
  Import took 0.029884 seconds .

========================================================================
Received Import Request.
  Time since last request: 729.826149 seconds.
  path: Assets/Images/5ddfx9qz.bmp
  artifactKey: Guid(77532ba72a73ba74ca53eeb7156857ff) Importer(815301076,1909f56bfc062723c751e8b465ee728b)
Start importing Assets/Images/5ddfx9qz.bmp using Guid(77532ba72a73ba74ca53eeb7156857ff) Importer(815301076,1909f56bfc062723c751e8b465ee728b)  -> (artifact id: '59973ec9b722b990ac143e85bff3d3cc') in 0.098948 seconds
  Import took 0.105274 seconds .

========================================================================
Received Import Request.
  Time since last request: 28.826006 seconds.
  path: Assets/Images/Test_world_map.bmp
  artifactKey: Guid(77532ba72a73ba74ca53eeb7156857ff) Importer(815301076,1909f56bfc062723c751e8b465ee728b)
Start importing Assets/Images/Test_world_map.bmp using Guid(77532ba72a73ba74ca53eeb7156857ff) Importer(815301076,1909f56bfc062723c751e8b465ee728b)  -> (artifact id: 'a23e2e52b83a1ce12ce8878d6c4a68e4') in 0.026668 seconds
  Import took 0.030940 seconds .

========================================================================
Received Import Request.
  Time since last request: 143.346464 seconds.
  path: Assets/Scripts/WM_movement.cs
  artifactKey: Guid(5dcbd5be80ddfe444b97e7872d2b7256) Importer(815301076,1909f56bfc062723c751e8b465ee728b)
Start importing Assets/Scripts/WM_movement.cs using Guid(5dcbd5be80ddfe444b97e7872d2b7256) Importer(815301076,1909f56bfc062723c751e8b465ee728b)  -> (artifact id: 'b94ae56074ee190cb73c9aa6c2e7dccc') in 0.027854 seconds
  Import took 0.047651 seconds .

========================================================================
Received Prepare
Registering precompiled user dll's ...
Registered in 0.005125 seconds.
Begin MonoManager ReloadAssembly
Native extension for WindowsStandalone target not found
Refreshing native plugins compatible for Editor in 0.63 ms, found 3 plugins.
Preloading 0 native plugins for Editor in 0.00 ms.
Mono: successfully reloaded assembly
- Completed reload, in  1.510 seconds
Platform modules already initialized, skipping
Refreshing native plugins compatible for Editor in 1.25 ms, found 3 plugins.
Preloading 0 native plugins for Editor in 0.00 ms.
Unloading 2079 Unused Serialized files (Serialized files now loaded: 0)
System memory in use before: 96.2 MB.
System memory in use after: 96.2 MB.

Unloading 21 unused Assets to reduce memory usage. Loaded Objects now: 2634.
Total: 2.819500 ms (FindLiveObjects: 0.278900 ms CreateObjectMapping: 0.109900 ms MarkObjects: 2.248600 ms  DeleteObjects: 0.180400 ms)

========================================================================
Received Prepare
Registering precompiled user dll's ...
Registered in 0.005099 seconds.
Begin MonoManager ReloadAssembly
Native extension for WindowsStandalone target not found
Refreshing native plugins compatible for Editor in 0.72 ms, found 3 plugins.
Preloading 0 native plugins for Editor in 0.00 ms.
Mono: successfully reloaded assembly
- Completed reload, in  1.263 seconds
Platform modules already initialized, skipping
Refreshing native plugins compatible for Editor in 0.47 ms, found 3 plugins.
Preloading 0 native plugins for Editor in 0.00 ms.
Unloading 2079 Unused Serialized files (Serialized files now loaded: 0)
System memory in use before: 96.2 MB.
System memory in use after: 96.2 MB.

Unloading 21 unused Assets to reduce memory usage. Loaded Objects now: 2638.
Total: 5.175900 ms (FindLiveObjects: 0.259500 ms CreateObjectMapping: 0.102500 ms MarkObjects: 4.480700 ms  DeleteObjects: 0.331800 ms)

========================================================================
Received Import Request.
  Time since last request: 91.427588 seconds.
  path: Assets/Scripts/WM_movement.cs
  artifactKey: Guid(5dcbd5be80ddfe444b97e7872d2b7256) Importer(815301076,1909f56bfc062723c751e8b465ee728b)
Start importing Assets/Scripts/WM_movement.cs using Guid(5dcbd5be80ddfe444b97e7872d2b7256) Importer(815301076,1909f56bfc062723c751e8b465ee728b)  -> (artifact id: 'f7739eda252aa48dcae07d6589ca4a5f') in 0.008462 seconds
  Import took 0.013725 seconds .

========================================================================
Received Import Request.
  Time since last request: 45.623086 seconds.
  path: Assets/Misc
  artifactKey: Guid(86ecc517fdf28ac4a979daa89b76a40e) Importer(815301076,1909f56bfc062723c751e8b465ee728b)
Start importing Assets/Misc using Guid(86ecc517fdf28ac4a979daa89b76a40e) Importer(815301076,1909f56bfc062723c751e8b465ee728b)  -> (artifact id: 'd58a434c4dfe7d0d5872f2ab52f6fbad') in 0.013582 seconds
  Import took 0.019222 seconds .

========================================================================
Received Import Request.
  Time since last request: 0.002215 seconds.
  path: Assets/Misc
  artifactKey: Guid(86ecc517fdf28ac4a979daa89b76a40e) Importer(815301076,1909f56bfc062723c751e8b465ee728b)
Start importing Assets/Misc using Guid(86ecc517fdf28ac4a979daa89b76a40e) Importer(815301076,1909f56bfc062723c751e8b465ee728b)  -> (artifact id: 'd58a434c4dfe7d0d5872f2ab52f6fbad') in 0.010270 seconds
  Import took 0.016429 seconds .

========================================================================
Received Import Request.
  Time since last request: 10.705385 seconds.
  path: Assets/Misc/Things to do.cs
  artifactKey: Guid(60726649cac4f6f4e91bc809e74810d8) Importer(815301076,1909f56bfc062723c751e8b465ee728b)
Start importing Assets/Misc/Things to do.cs using Guid(60726649cac4f6f4e91bc809e74810d8) Importer(815301076,1909f56bfc062723c751e8b465ee728b)  -> (artifact id: 'c6480fc7deb6b1a276ea50cf6730d284') in 0.020511 seconds
  Import took 0.026303 seconds .

========================================================================
Received Prepare
Registering precompiled user dll's ...
Registered in 0.006442 seconds.
Begin MonoManager ReloadAssembly
Native extension for WindowsStandalone target not found
Refreshing native plugins compatible for Editor in 0.49 ms, found 3 plugins.
Preloading 0 native plugins for Editor in 0.00 ms.
Mono: successfully reloaded assembly
- Completed reload, in  1.328 seconds
Platform modules already initialized, skipping
Refreshing native plugins compatible for Editor in 0.47 ms, found 3 plugins.
Preloading 0 native plugins for Editor in 0.00 ms.
Unloading 2080 Unused Serialized files (Serialized files now loaded: 0)
System memory in use before: 96.3 MB.
System memory in use after: 96.3 MB.

Unloading 21 unused Assets to reduce memory usage. Loaded Objects now: 2643.
Total: 3.085300 ms (FindLiveObjects: 0.201600 ms CreateObjectMapping: 0.077800 ms MarkObjects: 2.632800 ms  DeleteObjects: 0.171900 ms)

========================================================================
Received Import Request.
  Time since last request: 126.395466 seconds.
  path: Assets/Misc/Things to do.cs
  artifactKey: Guid(60726649cac4f6f4e91bc809e74810d8) Importer(815301076,1909f56bfc062723c751e8b465ee728b)
Start importing Assets/Misc/Things to do.cs using Guid(60726649cac4f6f4e91bc809e74810d8) Importer(815301076,1909f56bfc062723c751e8b465ee728b)  -> (artifact id: '726f7c71325969f97005c30b34813359') in 0.028161 seconds
  Import took 0.040386 seconds .

========================================================================
Received Prepare
Registering precompiled user dll's ...
Registered in 0.008090 seconds.
Begin MonoManager ReloadAssembly
Native extension for WindowsStandalone target not found
Refreshing native plugins compatible for Editor in 0.63 ms, found 3 plugins.
Preloading 0 native plugins for Editor in 0.00 ms.
Mono: successfully reloaded assembly
- Completed reload, in  2.224 seconds
Platform modules already initialized, skipping
Refreshing native plugins compatible for Editor in 0.60 ms, found 3 plugins.
Preloading 0 native plugins for Editor in 0.00 ms.
Unloading 2079 Unused Serialized files (Serialized files now loaded: 0)
System memory in use before: 96.3 MB.
System memory in use after: 96.2 MB.

Unloading 22 unused Assets to reduce memory usage. Loaded Objects now: 2646.
Total: 3.203900 ms (FindLiveObjects: 0.316000 ms CreateObjectMapping: 0.113700 ms MarkObjects: 2.605600 ms  DeleteObjects: 0.167200 ms)

========================================================================
Received Import Request.
  Time since last request: 17.799335 seconds.
  path: Assets/Misc/Things_to_do.txt
  artifactKey: Guid(9c3f8600a90ca9241a11a52bbaaab8fd) Importer(815301076,1909f56bfc062723c751e8b465ee728b)
Start importing Assets/Misc/Things_to_do.txt using Guid(9c3f8600a90ca9241a11a52bbaaab8fd) Importer(815301076,1909f56bfc062723c751e8b465ee728b)  -> (artifact id: 'de584818f8d7ab20f9374646a373b310') in 0.035980 seconds
  Import took 0.040239 seconds .

========================================================================
Received Prepare
Registering precompiled user dll's ...
Registered in 0.005960 seconds.
Begin MonoManager ReloadAssembly
Native extension for WindowsStandalone target not found
Refreshing native plugins compatible for Editor in 0.55 ms, found 3 plugins.
Preloading 0 native plugins for Editor in 0.00 ms.
Mono: successfully reloaded assembly
- Completed reload, in  1.288 seconds
Platform modules already initialized, skipping
Refreshing native plugins compatible for Editor in 0.69 ms, found 3 plugins.
Preloading 0 native plugins for Editor in 0.00 ms.
Unloading 2079 Unused Serialized files (Serialized files now loaded: 0)
System memory in use before: 96.3 MB.
System memory in use after: 96.3 MB.

Unloading 21 unused Assets to reduce memory usage. Loaded Objects now: 2650.
Total: 2.688000 ms (FindLiveObjects: 0.205200 ms CreateObjectMapping: 0.078800 ms MarkObjects: 2.228800 ms  DeleteObjects: 0.174000 ms)

========================================================================
Received Import Request.
  Time since last request: 6512.648405 seconds.
  path: Assets/Misc/Things_to_do.txt
  artifactKey: Guid(9c3f8600a90ca9241a11a52bbaaab8fd) Importer(815301076,1909f56bfc062723c751e8b465ee728b)
Start importing Assets/Misc/Things_to_do.txt using Guid(9c3f8600a90ca9241a11a52bbaaab8fd) Importer(815301076,1909f56bfc062723c751e8b465ee728b)  -> (artifact id: '7d4c212be2710565029b10809f73805b') in 0.014967 seconds
  Import took 0.019141 seconds .

========================================================================
Received Prepare
Registering precompiled user dll's ...
Registered in 0.005614 seconds.
Begin MonoManager ReloadAssembly
Native extension for WindowsStandalone target not found
Refreshing native plugins compatible for Editor in 0.66 ms, found 3 plugins.
Preloading 0 native plugins for Editor in 0.00 ms.
Mono: successfully reloaded assembly
- Completed reload, in  1.314 seconds
Platform modules already initialized, skipping
Refreshing native plugins compatible for Editor in 0.47 ms, found 3 plugins.
Preloading 0 native plugins for Editor in 0.00 ms.
Unloading 2079 Unused Serialized files (Serialized files now loaded: 0)
System memory in use before: 96.3 MB.
System memory in use after: 96.3 MB.

Unloading 21 unused Assets to reduce memory usage. Loaded Objects now: 2654.
Total: 3.067900 ms (FindLiveObjects: 0.280500 ms CreateObjectMapping: 0.126400 ms MarkObjects: 2.508900 ms  DeleteObjects: 0.151000 ms)

========================================================================
Received Prepare
Registering precompiled user dll's ...
Registered in 0.005428 seconds.
Begin MonoManager ReloadAssembly
Native extension for WindowsStandalone target not found
Refreshing native plugins compatible for Editor in 0.52 ms, found 3 plugins.
Preloading 0 native plugins for Editor in 0.00 ms.
Mono: successfully reloaded assembly
- Completed reload, in  1.306 seconds
Platform modules already initialized, skipping
Refreshing native plugins compatible for Editor in 0.49 ms, found 3 plugins.
Preloading 0 native plugins for Editor in 0.00 ms.
Unloading 2079 Unused Serialized files (Serialized files now loaded: 0)
System memory in use before: 96.3 MB.
System memory in use after: 96.3 MB.

Unloading 21 unused Assets to reduce memory usage. Loaded Objects now: 2658.
Total: 3.177500 ms (FindLiveObjects: 0.392200 ms CreateObjectMapping: 0.163800 ms MarkObjects: 2.412200 ms  DeleteObjects: 0.207500 ms)

========================================================================
Received Prepare
Registering precompiled user dll's ...
Registered in 0.005558 seconds.
Begin MonoManager ReloadAssembly
Native extension for WindowsStandalone target not found
Refreshing native plugins compatible for Editor in 0.53 ms, found 3 plugins.
Preloading 0 native plugins for Editor in 0.00 ms.
Mono: successfully reloaded assembly
- Completed reload, in  1.283 seconds
Platform modules already initialized, skipping
Refreshing native plugins compatible for Editor in 0.48 ms, found 3 plugins.
Preloading 0 native plugins for Editor in 0.00 ms.
Unloading 2079 Unused Serialized files (Serialized files now loaded: 0)
System memory in use before: 96.3 MB.
System memory in use after: 96.3 MB.

Unloading 21 unused Assets to reduce memory usage. Loaded Objects now: 2662.
Total: 3.100100 ms (FindLiveObjects: 0.214400 ms CreateObjectMapping: 0.083200 ms MarkObjects: 2.671400 ms  DeleteObjects: 0.129900 ms)

========================================================================
Received Prepare
Registering precompiled user dll's ...
Registered in 0.006367 seconds.
Begin MonoManager ReloadAssembly
Native extension for WindowsStandalone target not found
Refreshing native plugins compatible for Editor in 0.47 ms, found 3 plugins.
Preloading 0 native plugins for Editor in 0.00 ms.
Mono: successfully reloaded assembly
- Completed reload, in  1.269 seconds
Platform modules already initialized, skipping
Refreshing native plugins compatible for Editor in 0.69 ms, found 3 plugins.
Preloading 0 native plugins for Editor in 0.00 ms.
Unloading 2079 Unused Serialized files (Serialized files now loaded: 0)
System memory in use before: 96.3 MB.
System memory in use after: 96.3 MB.

Unloading 21 unused Assets to reduce memory usage. Loaded Objects now: 2666.
Total: 2.755700 ms (FindLiveObjects: 0.209800 ms CreateObjectMapping: 0.083300 ms MarkObjects: 2.294500 ms  DeleteObjects: 0.166900 ms)

========================================================================
Received Prepare
Registering precompiled user dll's ...
Registered in 0.005879 seconds.
Begin MonoManager ReloadAssembly
Native extension for WindowsStandalone target not found
Refreshing native plugins compatible for Editor in 0.71 ms, found 3 plugins.
Preloading 0 native plugins for Editor in 0.00 ms.
Mono: successfully reloaded assembly
- Completed reload, in  1.239 seconds
Platform modules already initialized, skipping
Refreshing native plugins compatible for Editor in 0.48 ms, found 3 plugins.
Preloading 0 native plugins for Editor in 0.00 ms.
Unloading 2079 Unused Serialized files (Serialized files now loaded: 0)
System memory in use before: 96.3 MB.
System memory in use after: 96.3 MB.

Unloading 21 unused Assets to reduce memory usage. Loaded Objects now: 2670.
Total: 2.823900 ms (FindLiveObjects: 0.200000 ms CreateObjectMapping: 0.083300 ms MarkObjects: 2.375100 ms  DeleteObjects: 0.164300 ms)

========================================================================
Received Prepare
Registering precompiled user dll's ...
Registered in 0.005336 seconds.
Begin MonoManager ReloadAssembly
Native extension for WindowsStandalone target not found
Refreshing native plugins compatible for Editor in 0.49 ms, found 3 plugins.
Preloading 0 native plugins for Editor in 0.00 ms.
Mono: successfully reloaded assembly
- Completed reload, in  1.313 seconds
Platform modules already initialized, skipping
Refreshing native plugins compatible for Editor in 0.52 ms, found 3 plugins.
Preloading 0 native plugins for Editor in 0.00 ms.
Unloading 2079 Unused Serialized files (Serialized files now loaded: 0)
System memory in use before: 96.3 MB.
System memory in use after: 96.3 MB.

Unloading 21 unused Assets to reduce memory usage. Loaded Objects now: 2674.
Total: 2.655500 ms (FindLiveObjects: 0.276400 ms CreateObjectMapping: 0.103500 ms MarkObjects: 2.065900 ms  DeleteObjects: 0.208300 ms)

========================================================================
Received Prepare
Registering precompiled user dll's ...
Registered in 0.005742 seconds.
Begin MonoManager ReloadAssembly
Native extension for WindowsStandalone target not found
Refreshing native plugins compatible for Editor in 0.56 ms, found 3 plugins.
Preloading 0 native plugins for Editor in 0.00 ms.
Mono: successfully reloaded assembly
- Completed reload, in  1.780 seconds
Platform modules already initialized, skipping
Refreshing native plugins compatible for Editor in 0.73 ms, found 3 plugins.
Preloading 0 native plugins for Editor in 0.00 ms.
Unloading 2079 Unused Serialized files (Serialized files now loaded: 0)
System memory in use before: 96.3 MB.
System memory in use after: 96.3 MB.

Unloading 21 unused Assets to reduce memory usage. Loaded Objects now: 2678.
Total: 2.718200 ms (FindLiveObjects: 0.394000 ms CreateObjectMapping: 0.124600 ms MarkObjects: 2.063900 ms  DeleteObjects: 0.134700 ms)

========================================================================
Received Prepare
Registering precompiled user dll's ...
Registered in 0.005492 seconds.
Begin MonoManager ReloadAssembly
Native extension for WindowsStandalone target not found
Refreshing native plugins compatible for Editor in 0.46 ms, found 3 plugins.
Preloading 0 native plugins for Editor in 0.00 ms.
Mono: successfully reloaded assembly
- Completed reload, in  1.220 seconds
Platform modules already initialized, skipping
Refreshing native plugins compatible for Editor in 0.50 ms, found 3 plugins.
Preloading 0 native plugins for Editor in 0.00 ms.
Unloading 2079 Unused Serialized files (Serialized files now loaded: 0)
System memory in use before: 96.3 MB.
System memory in use after: 96.3 MB.

Unloading 21 unused Assets to reduce memory usage. Loaded Objects now: 2682.
Total: 2.787100 ms (FindLiveObjects: 0.242100 ms CreateObjectMapping: 0.086200 ms MarkObjects: 2.237500 ms  DeleteObjects: 0.220300 ms)

========================================================================
Received Prepare
Registering precompiled user dll's ...
Registered in 0.006465 seconds.
Begin MonoManager ReloadAssembly
Native extension for WindowsStandalone target not found
Refreshing native plugins compatible for Editor in 0.50 ms, found 3 plugins.
Preloading 0 native plugins for Editor in 0.00 ms.
Mono: successfully reloaded assembly
- Completed reload, in  1.231 seconds
Platform modules already initialized, skipping
Refreshing native plugins compatible for Editor in 0.47 ms, found 3 plugins.
Preloading 0 native plugins for Editor in 0.00 ms.
Unloading 2079 Unused Serialized files (Serialized files now loaded: 0)
System memory in use before: 96.4 MB.
System memory in use after: 96.3 MB.

Unloading 21 unused Assets to reduce memory usage. Loaded Objects now: 2686.
Total: 2.682100 ms (FindLiveObjects: 0.203400 ms CreateObjectMapping: 0.075400 ms MarkObjects: 2.236100 ms  DeleteObjects: 0.165800 ms)

========================================================================
Received Prepare
Registering precompiled user dll's ...
Registered in 0.005375 seconds.
Begin MonoManager ReloadAssembly
Native extension for WindowsStandalone target not found
Refreshing native plugins compatible for Editor in 0.48 ms, found 3 plugins.
Preloading 0 native plugins for Editor in 0.00 ms.
Mono: successfully reloaded assembly
- Completed reload, in  1.386 seconds
Platform modules already initialized, skipping
Refreshing native plugins compatible for Editor in 0.47 ms, found 3 plugins.
Preloading 0 native plugins for Editor in 0.00 ms.
Unloading 2079 Unused Serialized files (Serialized files now loaded: 0)
System memory in use before: 96.4 MB.
System memory in use after: 96.4 MB.

Unloading 21 unused Assets to reduce memory usage. Loaded Objects now: 2690.
Total: 3.461100 ms (FindLiveObjects: 0.328700 ms CreateObjectMapping: 0.147700 ms MarkObjects: 2.787600 ms  DeleteObjects: 0.195900 ms)

========================================================================
Received Prepare
Registering precompiled user dll's ...
Registered in 0.005825 seconds.
Begin MonoManager ReloadAssembly
Native extension for WindowsStandalone target not found
Refreshing native plugins compatible for Editor in 0.61 ms, found 3 plugins.
Preloading 0 native plugins for Editor in 0.00 ms.
Mono: successfully reloaded assembly
- Completed reload, in  1.429 seconds
Platform modules already initialized, skipping
Refreshing native plugins compatible for Editor in 0.47 ms, found 3 plugins.
Preloading 0 native plugins for Editor in 0.00 ms.
Unloading 2079 Unused Serialized files (Serialized files now loaded: 0)
System memory in use before: 96.4 MB.
System memory in use after: 96.4 MB.

Unloading 21 unused Assets to reduce memory usage. Loaded Objects now: 2694.
Total: 3.025700 ms (FindLiveObjects: 0.219900 ms CreateObjectMapping: 0.115100 ms MarkObjects: 2.120000 ms  DeleteObjects: 0.569700 ms)

========================================================================
Received Prepare
Registering precompiled user dll's ...
Registered in 0.015719 seconds.
Begin MonoManager ReloadAssembly
Native extension for WindowsStandalone target not found
Refreshing native plugins compatible for Editor in 0.48 ms, found 3 plugins.
Preloading 0 native plugins for Editor in 0.00 ms.
Mono: successfully reloaded assembly
- Completed reload, in  1.392 seconds
Platform modules already initialized, skipping
Refreshing native plugins compatible for Editor in 2.07 ms, found 3 plugins.
Preloading 0 native plugins for Editor in 0.00 ms.
Unloading 2079 Unused Serialized files (Serialized files now loaded: 0)
System memory in use before: 96.4 MB.
System memory in use after: 96.4 MB.

Unloading 21 unused Assets to reduce memory usage. Loaded Objects now: 2698.
Total: 2.855100 ms (FindLiveObjects: 0.392700 ms CreateObjectMapping: 0.093100 ms MarkObjects: 2.211300 ms  DeleteObjects: 0.156900 ms)

========================================================================
Received Prepare
Registering precompiled user dll's ...
Registered in 0.005269 seconds.
Begin MonoManager ReloadAssembly
Native extension for WindowsStandalone target not found
Refreshing native plugins compatible for Editor in 0.47 ms, found 3 plugins.
Preloading 0 native plugins for Editor in 0.00 ms.
Mono: successfully reloaded assembly
- Completed reload, in  1.208 seconds
Platform modules already initialized, skipping
Refreshing native plugins compatible for Editor in 0.64 ms, found 3 plugins.
Preloading 0 native plugins for Editor in 0.00 ms.
Unloading 2079 Unused Serialized files (Serialized files now loaded: 0)
System memory in use before: 96.4 MB.
System memory in use after: 96.4 MB.

Unloading 21 unused Assets to reduce memory usage. Loaded Objects now: 2702.
Total: 2.743900 ms (FindLiveObjects: 0.214900 ms CreateObjectMapping: 0.080600 ms MarkObjects: 2.257700 ms  DeleteObjects: 0.189600 ms)

========================================================================
Received Import Request.
  Time since last request: 3428.322909 seconds.
  path: ProjectSettings/TagManager.asset
  artifactKey: Guid(00000000000000003000000000000000) Importer(815301076,1909f56bfc062723c751e8b465ee728b)
Start importing ProjectSettings/TagManager.asset using Guid(00000000000000003000000000000000) Importer(815301076,1909f56bfc062723c751e8b465ee728b)  -> (artifact id: '437befa40dd100918069d9e6fc4dba2d') in 0.030666 seconds
  Import took 0.036077 seconds .

========================================================================
Received Prepare
Registering precompiled user dll's ...
Registered in 0.005638 seconds.
Begin MonoManager ReloadAssembly
Native extension for WindowsStandalone target not found
Refreshing native plugins compatible for Editor in 0.55 ms, found 3 plugins.
Preloading 0 native plugins for Editor in 0.00 ms.
Mono: successfully reloaded assembly
- Completed reload, in  1.251 seconds
Platform modules already initialized, skipping
Refreshing native plugins compatible for Editor in 0.48 ms, found 3 plugins.
Preloading 0 native plugins for Editor in 0.00 ms.
Unloading 2079 Unused Serialized files (Serialized files now loaded: 0)
System memory in use before: 96.5 MB.
System memory in use after: 96.5 MB.

Unloading 22 unused Assets to reduce memory usage. Loaded Objects now: 2706.
Total: 3.006100 ms (FindLiveObjects: 0.225700 ms CreateObjectMapping: 0.078900 ms MarkObjects: 2.444100 ms  DeleteObjects: 0.256400 ms)

========================================================================
Received Prepare
Registering precompiled user dll's ...
Registered in 0.005356 seconds.
Begin MonoManager ReloadAssembly
Native extension for WindowsStandalone target not found
Refreshing native plugins compatible for Editor in 0.56 ms, found 3 plugins.
Preloading 0 native plugins for Editor in 0.00 ms.
Mono: successfully reloaded assembly
- Completed reload, in  1.259 seconds
Platform modules already initialized, skipping
Refreshing native plugins compatible for Editor in 0.47 ms, found 3 plugins.
Preloading 0 native plugins for Editor in 0.00 ms.
Unloading 2079 Unused Serialized files (Serialized files now loaded: 0)
System memory in use before: 96.5 MB.
System memory in use after: 96.5 MB.

Unloading 21 unused Assets to reduce memory usage. Loaded Objects now: 2710.
Total: 3.154900 ms (FindLiveObjects: 0.232300 ms CreateObjectMapping: 0.084300 ms MarkObjects: 2.319800 ms  DeleteObjects: 0.517400 ms)

========================================================================
Received Prepare
Registering precompiled user dll's ...
Registered in 0.005255 seconds.
Begin MonoManager ReloadAssembly
Native extension for WindowsStandalone target not found
Refreshing native plugins compatible for Editor in 0.50 ms, found 3 plugins.
Preloading 0 native plugins for Editor in 0.00 ms.
Mono: successfully reloaded assembly
- Completed reload, in  1.234 seconds
Platform modules already initialized, skipping
Refreshing native plugins compatible for Editor in 0.47 ms, found 3 plugins.
Preloading 0 native plugins for Editor in 0.00 ms.
Unloading 2079 Unused Serialized files (Serialized files now loaded: 0)
System memory in use before: 96.5 MB.
System memory in use after: 96.5 MB.

Unloading 21 unused Assets to reduce memory usage. Loaded Objects now: 2714.
Total: 2.834900 ms (FindLiveObjects: 0.442600 ms CreateObjectMapping: 0.112300 ms MarkObjects: 2.136400 ms  DeleteObjects: 0.142400 ms)

========================================================================
Received Prepare
Registering precompiled user dll's ...
Registered in 0.005349 seconds.
Begin MonoManager ReloadAssembly
Native extension for WindowsStandalone target not found
Refreshing native plugins compatible for Editor in 0.51 ms, found 3 plugins.
Preloading 0 native plugins for Editor in 0.00 ms.
Mono: successfully reloaded assembly
- Completed reload, in  1.217 seconds
Platform modules already initialized, skipping
Refreshing native plugins compatible for Editor in 0.61 ms, found 3 plugins.
Preloading 0 native plugins for Editor in 0.00 ms.
Unloading 2079 Unused Serialized files (Serialized files now loaded: 0)
System memory in use before: 96.5 MB.
System memory in use after: 96.6 MB.

Unloading 21 unused Assets to reduce memory usage. Loaded Objects now: 2718.
Total: 3.088500 ms (FindLiveObjects: 0.266500 ms CreateObjectMapping: 0.114000 ms MarkObjects: 2.560400 ms  DeleteObjects: 0.146500 ms)

========================================================================
Received Prepare
Registering precompiled user dll's ...
Registered in 0.006428 seconds.
Begin MonoManager ReloadAssembly
Native extension for WindowsStandalone target not found
Refreshing native plugins compatible for Editor in 0.78 ms, found 3 plugins.
Preloading 0 native plugins for Editor in 0.00 ms.
Mono: successfully reloaded assembly
- Completed reload, in  1.275 seconds
Platform modules already initialized, skipping
Refreshing native plugins compatible for Editor in 0.48 ms, found 3 plugins.
Preloading 0 native plugins for Editor in 0.00 ms.
Unloading 2079 Unused Serialized files (Serialized files now loaded: 0)
System memory in use before: 96.5 MB.
System memory in use after: 96.6 MB.

Unloading 21 unused Assets to reduce memory usage. Loaded Objects now: 2722.
Total: 2.928700 ms (FindLiveObjects: 0.249300 ms CreateObjectMapping: 0.107300 ms MarkObjects: 2.447600 ms  DeleteObjects: 0.123300 ms)

AssetImportWorkerClient::OnTransportError - code=2 error=End of file
